{"/Users/jonerikrotnebo/WebstormProjects/PG6301_705873/src/client/auctionBid.jsx": {"path":"/Users/jonerikrotnebo/WebstormProjects/PG6301_705873/src/client/auctionBid.jsx","statementMap":{"0":{"start":{"line":8,"column":8},"end":{"line":8,"column":21}},"1":{"start":{"line":10,"column":8},"end":{"line":18,"column":10}},"2":{"start":{"line":20,"column":8},"end":{"line":20,"column":55}},"3":{"start":{"line":24,"column":19},"end":{"line":52,"column":5}},"4":{"start":{"line":26,"column":8},"end":{"line":26,"column":31}},"5":{"start":{"line":28,"column":8},"end":{"line":50,"column":9}},"6":{"start":{"line":33,"column":30},"end":{"line":40,"column":34}},"7":{"start":{"line":42,"column":12},"end":{"line":47,"column":13}},"8":{"start":{"line":43,"column":16},"end":{"line":43,"column":45}},"9":{"start":{"line":46,"column":16},"end":{"line":46,"column":46}},"10":{"start":{"line":49,"column":12},"end":{"line":49,"column":70}},"11":{"start":{"line":55,"column":27},"end":{"line":57,"column":5}},"12":{"start":{"line":56,"column":8},"end":{"line":56,"column":56}},"13":{"start":{"line":61,"column":8},"end":{"line":80,"column":10}}},"fnMap":{"0":{"name":"(anonymous_0)","decl":{"start":{"line":7,"column":4},"end":{"line":7,"column":5}},"loc":{"start":{"line":7,"column":23},"end":{"line":21,"column":5}},"line":7},"1":{"name":"(anonymous_1)","decl":{"start":{"line":24,"column":19},"end":{"line":24,"column":20}},"loc":{"start":{"line":24,"column":36},"end":{"line":52,"column":5}},"line":24},"2":{"name":"(anonymous_2)","decl":{"start":{"line":55,"column":27},"end":{"line":55,"column":28}},"loc":{"start":{"line":55,"column":38},"end":{"line":57,"column":5}},"line":55},"3":{"name":"(anonymous_3)","decl":{"start":{"line":59,"column":4},"end":{"line":59,"column":5}},"loc":{"start":{"line":59,"column":13},"end":{"line":81,"column":5}},"line":59}},"branchMap":{"0":{"loc":{"start":{"line":11,"column":22},"end":{"line":11,"column":68}},"type":"cond-expr","locations":[{"start":{"line":11,"column":44},"end":{"line":11,"column":63}},{"start":{"line":11,"column":66},"end":{"line":11,"column":68}}],"line":11},"1":{"loc":{"start":{"line":12,"column":25},"end":{"line":12,"column":77}},"type":"cond-expr","locations":[{"start":{"line":12,"column":50},"end":{"line":12,"column":72}},{"start":{"line":12,"column":75},"end":{"line":12,"column":77}}],"line":12},"2":{"loc":{"start":{"line":13,"column":27},"end":{"line":13,"column":83}},"type":"cond-expr","locations":[{"start":{"line":13,"column":54},"end":{"line":13,"column":78}},{"start":{"line":13,"column":81},"end":{"line":13,"column":83}}],"line":13},"3":{"loc":{"start":{"line":14,"column":24},"end":{"line":14,"column":74}},"type":"cond-expr","locations":[{"start":{"line":14,"column":48},"end":{"line":14,"column":69}},{"start":{"line":14,"column":72},"end":{"line":14,"column":74}}],"line":14},"4":{"loc":{"start":{"line":15,"column":18},"end":{"line":15,"column":69}},"type":"cond-expr","locations":[{"start":{"line":15,"column":42},"end":{"line":15,"column":63}},{"start":{"line":15,"column":65},"end":{"line":15,"column":69}}],"line":15},"5":{"loc":{"start":{"line":16,"column":19},"end":{"line":16,"column":58}},"type":"cond-expr","locations":[{"start":{"line":16,"column":38},"end":{"line":16,"column":54}},{"start":{"line":16,"column":56},"end":{"line":16,"column":58}}],"line":16},"6":{"loc":{"start":{"line":20,"column":18},"end":{"line":20,"column":54}},"type":"cond-expr","locations":[{"start":{"line":20,"column":34},"end":{"line":20,"column":47}},{"start":{"line":20,"column":50},"end":{"line":20,"column":54}}],"line":20},"7":{"loc":{"start":{"line":28,"column":8},"end":{"line":50,"column":9}},"type":"if","locations":[{"start":{"line":28,"column":8},"end":{"line":50,"column":9}},{"start":{"line":28,"column":8},"end":{"line":50,"column":9}}],"line":28},"8":{"loc":{"start":{"line":29,"column":12},"end":{"line":30,"column":60}},"type":"binary-expr","locations":[{"start":{"line":29,"column":12},"end":{"line":29,"column":57}},{"start":{"line":30,"column":12},"end":{"line":30,"column":60}}],"line":29},"9":{"loc":{"start":{"line":42,"column":12},"end":{"line":47,"column":13}},"type":"if","locations":[{"start":{"line":42,"column":12},"end":{"line":47,"column":13}},{"start":{"line":42,"column":12},"end":{"line":47,"column":13}}],"line":42}},"s":{"0":0,"1":0,"2":0,"3":0,"4":0,"5":0,"6":0,"7":0,"8":0,"9":0,"10":0,"11":0,"12":0,"13":0},"f":{"0":0,"1":0,"2":0,"3":0},"b":{"0":[0,0],"1":[0,0],"2":[0,0],"3":[0,0],"4":[0,0],"5":[0,0],"6":[0,0],"7":[0,0],"8":[0,0],"9":[0,0]},"hash":"6d20e05b08d177c6967a83f20826c36987f84c70"}
,"/Users/jonerikrotnebo/WebstormProjects/PG6301_705873/src/client/bid.jsx": {"path":"/Users/jonerikrotnebo/WebstormProjects/PG6301_705873/src/client/bid.jsx","statementMap":{"0":{"start":{"line":7,"column":8},"end":{"line":7,"column":21}},"1":{"start":{"line":9,"column":8},"end":{"line":12,"column":10}},"2":{"start":{"line":14,"column":8},"end":{"line":14,"column":80}},"3":{"start":{"line":16,"column":8},"end":{"line":18,"column":9}},"4":{"start":{"line":17,"column":12},"end":{"line":17,"column":53}},"5":{"start":{"line":22,"column":8},"end":{"line":24,"column":9}},"6":{"start":{"line":23,"column":12},"end":{"line":23,"column":48}},"7":{"start":{"line":25,"column":8},"end":{"line":25,"column":25}},"8":{"start":{"line":30,"column":20},"end":{"line":30,"column":47}},"9":{"start":{"line":35,"column":8},"end":{"line":45,"column":9}},"10":{"start":{"line":36,"column":12},"end":{"line":36,"column":40}},"11":{"start":{"line":37,"column":12},"end":{"line":37,"column":44}},"12":{"start":{"line":40,"column":12},"end":{"line":43,"column":15}},"13":{"start":{"line":44,"column":12},"end":{"line":44,"column":19}},"14":{"start":{"line":47,"column":8},"end":{"line":57,"column":9}},"15":{"start":{"line":48,"column":12},"end":{"line":51,"column":15}},"16":{"start":{"line":53,"column":12},"end":{"line":56,"column":15}},"17":{"start":{"line":61,"column":11},"end":{"line":82,"column":5}},"18":{"start":{"line":63,"column":20},"end":{"line":63,"column":38}},"19":{"start":{"line":65,"column":24},"end":{"line":65,"column":90}},"20":{"start":{"line":69,"column":8},"end":{"line":79,"column":9}},"21":{"start":{"line":70,"column":12},"end":{"line":76,"column":15}},"22":{"start":{"line":78,"column":12},"end":{"line":78,"column":25}},"23":{"start":{"line":81,"column":8},"end":{"line":81,"column":39}},"24":{"start":{"line":87,"column":21},"end":{"line":87,"column":36}},"25":{"start":{"line":88,"column":25},"end":{"line":88,"column":60}},"26":{"start":{"line":91,"column":8},"end":{"line":97,"column":9}},"27":{"start":{"line":92,"column":12},"end":{"line":96,"column":14}},"28":{"start":{"line":99,"column":8},"end":{"line":101,"column":9}},"29":{"start":{"line":100,"column":12},"end":{"line":100,"column":39}},"30":{"start":{"line":103,"column":8},"end":{"line":127,"column":14}}},"fnMap":{"0":{"name":"(anonymous_0)","decl":{"start":{"line":6,"column":4},"end":{"line":6,"column":5}},"loc":{"start":{"line":6,"column":23},"end":{"line":19,"column":5}},"line":6},"1":{"name":"(anonymous_1)","decl":{"start":{"line":21,"column":4},"end":{"line":21,"column":5}},"loc":{"start":{"line":21,"column":24},"end":{"line":26,"column":5}},"line":21},"2":{"name":"(anonymous_2)","decl":{"start":{"line":28,"column":4},"end":{"line":28,"column":5}},"loc":{"start":{"line":28,"column":22},"end":{"line":58,"column":5}},"line":28},"3":{"name":"(anonymous_3)","decl":{"start":{"line":61,"column":11},"end":{"line":61,"column":12}},"loc":{"start":{"line":61,"column":88},"end":{"line":82,"column":5}},"line":61},"4":{"name":"(anonymous_4)","decl":{"start":{"line":85,"column":4},"end":{"line":85,"column":5}},"loc":{"start":{"line":85,"column":13},"end":{"line":128,"column":5}},"line":85}},"branchMap":{"0":{"loc":{"start":{"line":16,"column":8},"end":{"line":18,"column":9}},"type":"if","locations":[{"start":{"line":16,"column":8},"end":{"line":18,"column":9}},{"start":{"line":16,"column":8},"end":{"line":18,"column":9}}],"line":16},"1":{"loc":{"start":{"line":22,"column":8},"end":{"line":24,"column":9}},"type":"if","locations":[{"start":{"line":22,"column":8},"end":{"line":24,"column":9}},{"start":{"line":22,"column":8},"end":{"line":24,"column":9}}],"line":22},"2":{"loc":{"start":{"line":47,"column":8},"end":{"line":57,"column":9}},"type":"if","locations":[{"start":{"line":47,"column":8},"end":{"line":57,"column":9}},{"start":{"line":47,"column":8},"end":{"line":57,"column":9}}],"line":47},"3":{"loc":{"start":{"line":88,"column":25},"end":{"line":88,"column":60}},"type":"binary-expr","locations":[{"start":{"line":88,"column":25},"end":{"line":88,"column":38}},{"start":{"line":88,"column":42},"end":{"line":88,"column":60}}],"line":88},"4":{"loc":{"start":{"line":91,"column":8},"end":{"line":97,"column":9}},"type":"if","locations":[{"start":{"line":91,"column":8},"end":{"line":97,"column":9}},{"start":{"line":91,"column":8},"end":{"line":97,"column":9}}],"line":91},"5":{"loc":{"start":{"line":99,"column":8},"end":{"line":101,"column":9}},"type":"if","locations":[{"start":{"line":99,"column":8},"end":{"line":101,"column":9}},{"start":{"line":99,"column":8},"end":{"line":101,"column":9}}],"line":99},"6":{"loc":{"start":{"line":106,"column":17},"end":{"line":125,"column":29}},"type":"cond-expr","locations":[{"start":{"line":107,"column":20},"end":{"line":120,"column":26}},{"start":{"line":122,"column":28},"end":{"line":124,"column":34}}],"line":106}},"s":{"0":0,"1":0,"2":0,"3":0,"4":0,"5":0,"6":0,"7":0,"8":0,"9":0,"10":0,"11":0,"12":0,"13":0,"14":0,"15":0,"16":0,"17":0,"18":0,"19":0,"20":0,"21":0,"22":0,"23":0,"24":0,"25":0,"26":0,"27":0,"28":0,"29":0,"30":0},"f":{"0":0,"1":0,"2":0,"3":0,"4":0},"b":{"0":[0,0],"1":[0,0],"2":[0,0],"3":[0,0],"4":[0,0],"5":[0,0],"6":[0,0]},"hash":"5c35b336ab457ba9a7dec0a554d87c8f75ff1274"}
,"/Users/jonerikrotnebo/WebstormProjects/PG6301_705873/src/client/create.jsx": {"path":"/Users/jonerikrotnebo/WebstormProjects/PG6301_705873/src/client/create.jsx","statementMap":{"0":{"start":{"line":7,"column":8},"end":{"line":7,"column":21}},"1":{"start":{"line":10,"column":11},"end":{"line":32,"column":5}},"2":{"start":{"line":12,"column":20},"end":{"line":12,"column":32}},"3":{"start":{"line":15,"column":24},"end":{"line":15,"column":87}},"4":{"start":{"line":19,"column":8},"end":{"line":29,"column":9}},"5":{"start":{"line":20,"column":12},"end":{"line":26,"column":15}},"6":{"start":{"line":28,"column":12},"end":{"line":28,"column":25}},"7":{"start":{"line":31,"column":8},"end":{"line":31,"column":39}},"8":{"start":{"line":37,"column":8},"end":{"line":52,"column":10}}},"fnMap":{"0":{"name":"(anonymous_0)","decl":{"start":{"line":6,"column":4},"end":{"line":6,"column":5}},"loc":{"start":{"line":6,"column":22},"end":{"line":8,"column":5}},"line":6},"1":{"name":"(anonymous_1)","decl":{"start":{"line":10,"column":11},"end":{"line":10,"column":12}},"loc":{"start":{"line":10,"column":92},"end":{"line":32,"column":5}},"line":10},"2":{"name":"(anonymous_2)","decl":{"start":{"line":35,"column":4},"end":{"line":35,"column":5}},"loc":{"start":{"line":35,"column":12},"end":{"line":53,"column":5}},"line":35}},"branchMap":{},"s":{"0":0,"1":0,"2":0,"3":0,"4":0,"5":0,"6":0,"7":0,"8":0},"f":{"0":0,"1":0,"2":0},"b":{},"hash":"a59af6a0792a6b10c9797639140cc0cb78677026"}
,"/Users/jonerikrotnebo/WebstormProjects/PG6301_705873/src/client/headerbar.jsx": {"path":"/Users/jonerikrotnebo/WebstormProjects/PG6301_705873/src/client/headerbar.jsx","statementMap":{"0":{"start":{"line":7,"column":8},"end":{"line":7,"column":21}},"1":{"start":{"line":10,"column":15},"end":{"line":29,"column":5}},"2":{"start":{"line":11,"column":20},"end":{"line":11,"column":33}},"3":{"start":{"line":15,"column":8},"end":{"line":20,"column":9}},"4":{"start":{"line":16,"column":12},"end":{"line":16,"column":60}},"5":{"start":{"line":18,"column":12},"end":{"line":18,"column":57}},"6":{"start":{"line":19,"column":12},"end":{"line":19,"column":19}},"7":{"start":{"line":22,"column":8},"end":{"line":25,"column":9}},"8":{"start":{"line":23,"column":12},"end":{"line":23,"column":85}},"9":{"start":{"line":24,"column":12},"end":{"line":24,"column":19}},"10":{"start":{"line":27,"column":8},"end":{"line":27,"column":44}},"11":{"start":{"line":28,"column":8},"end":{"line":28,"column":37}},"12":{"start":{"line":32,"column":8},"end":{"line":42,"column":10}},"13":{"start":{"line":46,"column":8},"end":{"line":58,"column":10}},"14":{"start":{"line":62,"column":23},"end":{"line":62,"column":40}},"15":{"start":{"line":65,"column":8},"end":{"line":69,"column":9}},"16":{"start":{"line":66,"column":12},"end":{"line":66,"column":47}},"17":{"start":{"line":68,"column":12},"end":{"line":68,"column":50}},"18":{"start":{"line":71,"column":8},"end":{"line":78,"column":10}}},"fnMap":{"0":{"name":"(anonymous_0)","decl":{"start":{"line":6,"column":4},"end":{"line":6,"column":5}},"loc":{"start":{"line":6,"column":23},"end":{"line":8,"column":5}},"line":6},"1":{"name":"(anonymous_1)","decl":{"start":{"line":10,"column":15},"end":{"line":10,"column":16}},"loc":{"start":{"line":10,"column":27},"end":{"line":29,"column":5}},"line":10},"2":{"name":"(anonymous_2)","decl":{"start":{"line":31,"column":4},"end":{"line":31,"column":5}},"loc":{"start":{"line":31,"column":27},"end":{"line":43,"column":5}},"line":31},"3":{"name":"(anonymous_3)","decl":{"start":{"line":45,"column":4},"end":{"line":45,"column":5}},"loc":{"start":{"line":45,"column":24},"end":{"line":59,"column":5}},"line":45},"4":{"name":"(anonymous_4)","decl":{"start":{"line":61,"column":4},"end":{"line":61,"column":5}},"loc":{"start":{"line":61,"column":13},"end":{"line":79,"column":5}},"line":61}},"branchMap":{"0":{"loc":{"start":{"line":22,"column":8},"end":{"line":25,"column":9}},"type":"if","locations":[{"start":{"line":22,"column":8},"end":{"line":25,"column":9}},{"start":{"line":22,"column":8},"end":{"line":25,"column":9}}],"line":22},"1":{"loc":{"start":{"line":65,"column":8},"end":{"line":69,"column":9}},"type":"if","locations":[{"start":{"line":65,"column":8},"end":{"line":69,"column":9}},{"start":{"line":65,"column":8},"end":{"line":69,"column":9}}],"line":65}},"s":{"0":3,"1":3,"2":1,"3":1,"4":1,"5":0,"6":0,"7":1,"8":0,"9":0,"10":1,"11":1,"12":2,"13":1,"14":3,"15":3,"16":1,"17":2,"18":3},"f":{"0":3,"1":1,"2":2,"3":1,"4":3},"b":{"0":[0,1],"1":[1,2]},"_coverageSchema":"43e27e138ebf9cfc5966b082cf9a028302ed4184","hash":"47ea1eea1b63ffb6ba8dcfb057d5ee92375b9f0b"}
,"/Users/jonerikrotnebo/WebstormProjects/PG6301_705873/src/client/home.jsx": {"path":"/Users/jonerikrotnebo/WebstormProjects/PG6301_705873/src/client/home.jsx","statementMap":{"0":{"start":{"line":7,"column":8},"end":{"line":7,"column":21}},"1":{"start":{"line":9,"column":8},"end":{"line":12,"column":9}},"2":{"start":{"line":16,"column":8},"end":{"line":18,"column":9}},"3":{"start":{"line":17,"column":12},"end":{"line":17,"column":48}},"4":{"start":{"line":19,"column":8},"end":{"line":19,"column":26}},"5":{"start":{"line":24,"column":20},"end":{"line":24,"column":32}},"6":{"start":{"line":29,"column":8},"end":{"line":39,"column":9}},"7":{"start":{"line":30,"column":12},"end":{"line":30,"column":40}},"8":{"start":{"line":31,"column":12},"end":{"line":31,"column":44}},"9":{"start":{"line":34,"column":12},"end":{"line":37,"column":15}},"10":{"start":{"line":38,"column":12},"end":{"line":38,"column":19}},"11":{"start":{"line":41,"column":8},"end":{"line":51,"column":9}},"12":{"start":{"line":42,"column":12},"end":{"line":45,"column":15}},"13":{"start":{"line":47,"column":12},"end":{"line":50,"column":15}},"14":{"start":{"line":54,"column":17},"end":{"line":82,"column":5}},"15":{"start":{"line":55,"column":20},"end":{"line":55,"column":38}},"16":{"start":{"line":57,"column":8},"end":{"line":61,"column":9}},"17":{"start":{"line":58,"column":12},"end":{"line":58,"column":24}},"18":{"start":{"line":60,"column":12},"end":{"line":60,"column":23}},"19":{"start":{"line":63,"column":24},"end":{"line":63,"column":88}},"20":{"start":{"line":67,"column":8},"end":{"line":77,"column":9}},"21":{"start":{"line":68,"column":12},"end":{"line":74,"column":15}},"22":{"start":{"line":76,"column":12},"end":{"line":76,"column":25}},"23":{"start":{"line":79,"column":8},"end":{"line":79,"column":32}},"24":{"start":{"line":81,"column":8},"end":{"line":81,"column":39}},"25":{"start":{"line":87,"column":21},"end":{"line":87,"column":36}},"26":{"start":{"line":88,"column":25},"end":{"line":88,"column":60}},"27":{"start":{"line":93,"column":8},"end":{"line":158,"column":9}},"28":{"start":{"line":94,"column":12},"end":{"line":94,"column":45}},"29":{"start":{"line":95,"column":15},"end":{"line":158,"column":9}},"30":{"start":{"line":96,"column":12},"end":{"line":96,"column":71}},"31":{"start":{"line":98,"column":12},"end":{"line":157,"column":18}},"32":{"start":{"line":111,"column":24},"end":{"line":153,"column":29}},"33":{"start":{"line":121,"column":86},"end":{"line":121,"column":179}},"34":{"start":{"line":160,"column":8},"end":{"line":192,"column":9}}},"fnMap":{"0":{"name":"(anonymous_0)","decl":{"start":{"line":6,"column":4},"end":{"line":6,"column":5}},"loc":{"start":{"line":6,"column":23},"end":{"line":13,"column":5}},"line":6},"1":{"name":"(anonymous_1)","decl":{"start":{"line":15,"column":4},"end":{"line":15,"column":5}},"loc":{"start":{"line":15,"column":24},"end":{"line":20,"column":5}},"line":15},"2":{"name":"(anonymous_2)","decl":{"start":{"line":22,"column":4},"end":{"line":22,"column":5}},"loc":{"start":{"line":22,"column":23},"end":{"line":52,"column":5}},"line":22},"3":{"name":"(anonymous_3)","decl":{"start":{"line":54,"column":17},"end":{"line":54,"column":18}},"loc":{"start":{"line":54,"column":91},"end":{"line":82,"column":5}},"line":54},"4":{"name":"(anonymous_4)","decl":{"start":{"line":85,"column":4},"end":{"line":85,"column":5}},"loc":{"start":{"line":85,"column":13},"end":{"line":193,"column":5}},"line":85},"5":{"name":"(anonymous_5)","decl":{"start":{"line":110,"column":42},"end":{"line":110,"column":43}},"loc":{"start":{"line":111,"column":24},"end":{"line":153,"column":29}},"line":111},"6":{"name":"(anonymous_6)","decl":{"start":{"line":121,"column":81},"end":{"line":121,"column":82}},"loc":{"start":{"line":121,"column":86},"end":{"line":121,"column":179}},"line":121}},"branchMap":{"0":{"loc":{"start":{"line":16,"column":8},"end":{"line":18,"column":9}},"type":"if","locations":[{"start":{"line":16,"column":8},"end":{"line":18,"column":9}},{"start":{"line":16,"column":8},"end":{"line":18,"column":9}}],"line":16},"1":{"loc":{"start":{"line":41,"column":8},"end":{"line":51,"column":9}},"type":"if","locations":[{"start":{"line":41,"column":8},"end":{"line":51,"column":9}},{"start":{"line":41,"column":8},"end":{"line":51,"column":9}}],"line":41},"2":{"loc":{"start":{"line":57,"column":8},"end":{"line":61,"column":9}},"type":"if","locations":[{"start":{"line":57,"column":8},"end":{"line":61,"column":9}},{"start":{"line":57,"column":8},"end":{"line":61,"column":9}}],"line":57},"3":{"loc":{"start":{"line":88,"column":25},"end":{"line":88,"column":60}},"type":"binary-expr","locations":[{"start":{"line":88,"column":25},"end":{"line":88,"column":38}},{"start":{"line":88,"column":42},"end":{"line":88,"column":60}}],"line":88},"4":{"loc":{"start":{"line":93,"column":8},"end":{"line":158,"column":9}},"type":"if","locations":[{"start":{"line":93,"column":8},"end":{"line":158,"column":9}},{"start":{"line":93,"column":8},"end":{"line":158,"column":9}}],"line":93},"5":{"loc":{"start":{"line":95,"column":15},"end":{"line":158,"column":9}},"type":"if","locations":[{"start":{"line":95,"column":15},"end":{"line":158,"column":9}},{"start":{"line":95,"column":15},"end":{"line":158,"column":9}}],"line":95},"6":{"loc":{"start":{"line":95,"column":19},"end":{"line":95,"column":77}},"type":"binary-expr","locations":[{"start":{"line":95,"column":19},"end":{"line":95,"column":44}},{"start":{"line":95,"column":48},"end":{"line":95,"column":77}}],"line":95},"7":{"loc":{"start":{"line":117,"column":33},"end":{"line":150,"column":37}},"type":"cond-expr","locations":[{"start":{"line":118,"column":36},"end":{"line":142,"column":42}},{"start":{"line":147,"column":36},"end":{"line":149,"column":42}}],"line":117},"8":{"loc":{"start":{"line":119,"column":41},"end":{"line":125,"column":41}},"type":"binary-expr","locations":[{"start":{"line":119,"column":41},"end":{"line":119,"column":74}},{"start":{"line":119,"column":78},"end":{"line":119,"column":94}},{"start":{"line":120,"column":44},"end":{"line":124,"column":50}}],"line":119},"9":{"loc":{"start":{"line":127,"column":41},"end":{"line":134,"column":41}},"type":"binary-expr","locations":[{"start":{"line":127,"column":41},"end":{"line":127,"column":74}},{"start":{"line":127,"column":78},"end":{"line":127,"column":94}},{"start":{"line":128,"column":44},"end":{"line":133,"column":51}}],"line":127},"10":{"loc":{"start":{"line":136,"column":41},"end":{"line":140,"column":41}},"type":"binary-expr","locations":[{"start":{"line":136,"column":41},"end":{"line":136,"column":56}},{"start":{"line":137,"column":44},"end":{"line":139,"column":53}}],"line":136},"11":{"loc":{"start":{"line":169,"column":17},"end":{"line":189,"column":17}},"type":"cond-expr","locations":[{"start":{"line":170,"column":20},"end":{"line":182,"column":26}},{"start":{"line":184,"column":20},"end":{"line":188,"column":26}}],"line":169}},"s":{"0":2,"1":2,"2":2,"3":1,"4":2,"5":2,"6":2,"7":2,"8":0,"9":2,"10":2,"11":0,"12":0,"13":0,"14":2,"15":0,"16":0,"17":0,"18":0,"19":0,"20":0,"21":0,"22":0,"23":0,"24":0,"25":4,"26":4,"27":4,"28":2,"29":2,"30":2,"31":0,"32":0,"33":0,"34":4},"f":{"0":2,"1":2,"2":2,"3":0,"4":4,"5":0,"6":0},"b":{"0":[1,1],"1":[0,0],"2":[0,0],"3":[4,4],"4":[2,2],"5":[2,0],"6":[2,0],"7":[0,0],"8":[0,0,0],"9":[0,0,0],"10":[0,0],"11":[2,2]},"_coverageSchema":"43e27e138ebf9cfc5966b082cf9a028302ed4184","hash":"6d54efbe8c32ac4c2e3f90a1bee784ba1ec986c7"}
,"/Users/jonerikrotnebo/WebstormProjects/PG6301_705873/src/client/index.jsx": {"path":"/Users/jonerikrotnebo/WebstormProjects/PG6301_705873/src/client/index.jsx","statementMap":{"0":{"start":{"line":16,"column":8},"end":{"line":16,"column":21}},"1":{"start":{"line":18,"column":8},"end":{"line":20,"column":9}},"2":{"start":{"line":24,"column":8},"end":{"line":24,"column":38}},"3":{"start":{"line":29,"column":8},"end":{"line":29,"column":28}},"4":{"start":{"line":33,"column":29},"end":{"line":60,"column":5}},"5":{"start":{"line":35,"column":20},"end":{"line":35,"column":31}},"6":{"start":{"line":39,"column":8},"end":{"line":46,"column":9}},"7":{"start":{"line":40,"column":12},"end":{"line":42,"column":15}},"8":{"start":{"line":44,"column":12},"end":{"line":44,"column":77}},"9":{"start":{"line":45,"column":12},"end":{"line":45,"column":19}},"10":{"start":{"line":48,"column":8},"end":{"line":52,"column":9}},"11":{"start":{"line":50,"column":12},"end":{"line":50,"column":42}},"12":{"start":{"line":51,"column":12},"end":{"line":51,"column":19}},"13":{"start":{"line":54,"column":8},"end":{"line":59,"column":9}},"14":{"start":{"line":57,"column":28},"end":{"line":57,"column":49}},"15":{"start":{"line":58,"column":12},"end":{"line":58,"column":45}},"16":{"start":{"line":62,"column":25},"end":{"line":64,"column":5}},"17":{"start":{"line":63,"column":8},"end":{"line":63,"column":36}},"18":{"start":{"line":67,"column":8},"end":{"line":74,"column":10}},"19":{"start":{"line":78,"column":19},"end":{"line":78,"column":62}},"20":{"start":{"line":80,"column":8},"end":{"line":114,"column":9}},"21":{"start":{"line":87,"column":69},"end":{"line":87,"column":142}},"22":{"start":{"line":88,"column":68},"end":{"line":88,"column":140}},"23":{"start":{"line":91,"column":48},"end":{"line":97,"column":33}},"24":{"start":{"line":99,"column":48},"end":{"line":103,"column":89}},"25":{"start":{"line":105,"column":66},"end":{"line":108,"column":128}},"26":{"start":{"line":118,"column":0},"end":{"line":118,"column":57}}},"fnMap":{"0":{"name":"(anonymous_0)","decl":{"start":{"line":15,"column":4},"end":{"line":15,"column":5}},"loc":{"start":{"line":15,"column":23},"end":{"line":21,"column":5}},"line":15},"1":{"name":"(anonymous_1)","decl":{"start":{"line":23,"column":4},"end":{"line":23,"column":5}},"loc":{"start":{"line":23,"column":24},"end":{"line":26,"column":5}},"line":23},"2":{"name":"(anonymous_2)","decl":{"start":{"line":28,"column":4},"end":{"line":28,"column":5}},"loc":{"start":{"line":28,"column":27},"end":{"line":30,"column":5}},"line":28},"3":{"name":"(anonymous_3)","decl":{"start":{"line":33,"column":29},"end":{"line":33,"column":30}},"loc":{"start":{"line":33,"column":41},"end":{"line":60,"column":5}},"line":33},"4":{"name":"(anonymous_4)","decl":{"start":{"line":62,"column":25},"end":{"line":62,"column":26}},"loc":{"start":{"line":62,"column":35},"end":{"line":64,"column":5}},"line":62},"5":{"name":"(anonymous_5)","decl":{"start":{"line":66,"column":4},"end":{"line":66,"column":5}},"loc":{"start":{"line":66,"column":15},"end":{"line":75,"column":5}},"line":66},"6":{"name":"(anonymous_6)","decl":{"start":{"line":77,"column":4},"end":{"line":77,"column":5}},"loc":{"start":{"line":77,"column":13},"end":{"line":115,"column":5}},"line":77},"7":{"name":"(anonymous_7)","decl":{"start":{"line":87,"column":60},"end":{"line":87,"column":61}},"loc":{"start":{"line":87,"column":69},"end":{"line":87,"column":142}},"line":87},"8":{"name":"(anonymous_8)","decl":{"start":{"line":88,"column":59},"end":{"line":88,"column":60}},"loc":{"start":{"line":88,"column":68},"end":{"line":88,"column":140}},"line":88},"9":{"name":"(anonymous_9)","decl":{"start":{"line":91,"column":39},"end":{"line":91,"column":40}},"loc":{"start":{"line":91,"column":48},"end":{"line":97,"column":33}},"line":91},"10":{"name":"(anonymous_10)","decl":{"start":{"line":99,"column":39},"end":{"line":99,"column":40}},"loc":{"start":{"line":99,"column":48},"end":{"line":103,"column":89}},"line":99},"11":{"name":"(anonymous_11)","decl":{"start":{"line":105,"column":57},"end":{"line":105,"column":58}},"loc":{"start":{"line":105,"column":66},"end":{"line":108,"column":128}},"line":105}},"branchMap":{"0":{"loc":{"start":{"line":48,"column":8},"end":{"line":52,"column":9}},"type":"if","locations":[{"start":{"line":48,"column":8},"end":{"line":52,"column":9}},{"start":{"line":48,"column":8},"end":{"line":52,"column":9}}],"line":48},"1":{"loc":{"start":{"line":54,"column":8},"end":{"line":59,"column":9}},"type":"if","locations":[{"start":{"line":54,"column":8},"end":{"line":59,"column":9}},{"start":{"line":54,"column":8},"end":{"line":59,"column":9}}],"line":54},"2":{"loc":{"start":{"line":78,"column":19},"end":{"line":78,"column":62}},"type":"cond-expr","locations":[{"start":{"line":78,"column":37},"end":{"line":78,"column":55}},{"start":{"line":78,"column":58},"end":{"line":78,"column":62}}],"line":78}},"s":{"0":0,"1":0,"2":0,"3":0,"4":0,"5":0,"6":0,"7":0,"8":0,"9":0,"10":0,"11":0,"12":0,"13":0,"14":0,"15":0,"16":0,"17":0,"18":0,"19":0,"20":0,"21":0,"22":0,"23":0,"24":0,"25":0,"26":0},"f":{"0":0,"1":0,"2":0,"3":0,"4":0,"5":0,"6":0,"7":0,"8":0,"9":0,"10":0,"11":0},"b":{"0":[0,0],"1":[0,0],"2":[0,0]},"hash":"64148103097b3bf7aa7102960559f924bae77ca2"}
,"/Users/jonerikrotnebo/WebstormProjects/PG6301_705873/src/client/item.jsx": {"path":"/Users/jonerikrotnebo/WebstormProjects/PG6301_705873/src/client/item.jsx","statementMap":{"0":{"start":{"line":8,"column":8},"end":{"line":8,"column":21}},"1":{"start":{"line":10,"column":8},"end":{"line":17,"column":10}},"2":{"start":{"line":19,"column":8},"end":{"line":19,"column":55}},"3":{"start":{"line":22,"column":19},"end":{"line":42,"column":5}},"4":{"start":{"line":24,"column":8},"end":{"line":24,"column":31}},"5":{"start":{"line":26,"column":26},"end":{"line":33,"column":30}},"6":{"start":{"line":36,"column":8},"end":{"line":41,"column":9}},"7":{"start":{"line":37,"column":12},"end":{"line":37,"column":41}},"8":{"start":{"line":40,"column":12},"end":{"line":40,"column":46}},"9":{"start":{"line":44,"column":19},"end":{"line":46,"column":5}},"10":{"start":{"line":45,"column":8},"end":{"line":45,"column":54}},"11":{"start":{"line":48,"column":26},"end":{"line":50,"column":5}},"12":{"start":{"line":49,"column":8},"end":{"line":49,"column":57}},"13":{"start":{"line":52,"column":20},"end":{"line":54,"column":5}},"14":{"start":{"line":53,"column":8},"end":{"line":53,"column":59}},"15":{"start":{"line":56,"column":27},"end":{"line":58,"column":5}},"16":{"start":{"line":57,"column":8},"end":{"line":57,"column":56}},"17":{"start":{"line":62,"column":8},"end":{"line":102,"column":10}}},"fnMap":{"0":{"name":"(anonymous_0)","decl":{"start":{"line":7,"column":4},"end":{"line":7,"column":5}},"loc":{"start":{"line":7,"column":23},"end":{"line":20,"column":5}},"line":7},"1":{"name":"(anonymous_1)","decl":{"start":{"line":22,"column":19},"end":{"line":22,"column":20}},"loc":{"start":{"line":22,"column":36},"end":{"line":42,"column":5}},"line":22},"2":{"name":"(anonymous_2)","decl":{"start":{"line":44,"column":19},"end":{"line":44,"column":20}},"loc":{"start":{"line":44,"column":30},"end":{"line":46,"column":5}},"line":44},"3":{"name":"(anonymous_3)","decl":{"start":{"line":48,"column":26},"end":{"line":48,"column":27}},"loc":{"start":{"line":48,"column":37},"end":{"line":50,"column":5}},"line":48},"4":{"name":"(anonymous_4)","decl":{"start":{"line":52,"column":20},"end":{"line":52,"column":21}},"loc":{"start":{"line":52,"column":31},"end":{"line":54,"column":5}},"line":52},"5":{"name":"(anonymous_5)","decl":{"start":{"line":56,"column":27},"end":{"line":56,"column":28}},"loc":{"start":{"line":56,"column":38},"end":{"line":58,"column":5}},"line":56},"6":{"name":"(anonymous_6)","decl":{"start":{"line":60,"column":4},"end":{"line":60,"column":5}},"loc":{"start":{"line":60,"column":13},"end":{"line":103,"column":5}},"line":60}},"branchMap":{"0":{"loc":{"start":{"line":11,"column":22},"end":{"line":11,"column":68}},"type":"cond-expr","locations":[{"start":{"line":11,"column":44},"end":{"line":11,"column":63}},{"start":{"line":11,"column":66},"end":{"line":11,"column":68}}],"line":11},"1":{"loc":{"start":{"line":12,"column":25},"end":{"line":12,"column":77}},"type":"cond-expr","locations":[{"start":{"line":12,"column":50},"end":{"line":12,"column":72}},{"start":{"line":12,"column":75},"end":{"line":12,"column":77}}],"line":12},"2":{"loc":{"start":{"line":13,"column":27},"end":{"line":13,"column":83}},"type":"cond-expr","locations":[{"start":{"line":13,"column":54},"end":{"line":13,"column":78}},{"start":{"line":13,"column":81},"end":{"line":13,"column":83}}],"line":13},"3":{"loc":{"start":{"line":14,"column":24},"end":{"line":14,"column":74}},"type":"cond-expr","locations":[{"start":{"line":14,"column":48},"end":{"line":14,"column":69}},{"start":{"line":14,"column":72},"end":{"line":14,"column":74}}],"line":14},"4":{"loc":{"start":{"line":15,"column":18},"end":{"line":15,"column":57}},"type":"cond-expr","locations":[{"start":{"line":15,"column":36},"end":{"line":15,"column":51}},{"start":{"line":15,"column":53},"end":{"line":15,"column":57}}],"line":15},"5":{"loc":{"start":{"line":16,"column":19},"end":{"line":16,"column":68}},"type":"cond-expr","locations":[{"start":{"line":16,"column":43},"end":{"line":16,"column":64}},{"start":{"line":16,"column":66},"end":{"line":16,"column":68}}],"line":16},"6":{"loc":{"start":{"line":19,"column":18},"end":{"line":19,"column":54}},"type":"cond-expr","locations":[{"start":{"line":19,"column":34},"end":{"line":19,"column":47}},{"start":{"line":19,"column":50},"end":{"line":19,"column":54}}],"line":19},"7":{"loc":{"start":{"line":36,"column":8},"end":{"line":41,"column":9}},"type":"if","locations":[{"start":{"line":36,"column":8},"end":{"line":41,"column":9}},{"start":{"line":36,"column":8},"end":{"line":41,"column":9}}],"line":36}},"s":{"0":0,"1":0,"2":0,"3":0,"4":0,"5":0,"6":0,"7":0,"8":0,"9":0,"10":0,"11":0,"12":0,"13":0,"14":0,"15":0,"16":0,"17":0},"f":{"0":0,"1":0,"2":0,"3":0,"4":0,"5":0,"6":0},"b":{"0":[0,0],"1":[0,0],"2":[0,0],"3":[0,0],"4":[0,0],"5":[0,0],"6":[0,0],"7":[0,0]},"hash":"d57c5678c6527d57ed43fc24b475f3be5238930a"}
,"/Users/jonerikrotnebo/WebstormProjects/PG6301_705873/src/client/login.jsx": {"path":"/Users/jonerikrotnebo/WebstormProjects/PG6301_705873/src/client/login.jsx","statementMap":{"0":{"start":{"line":8,"column":8},"end":{"line":8,"column":21}},"1":{"start":{"line":10,"column":8},"end":{"line":14,"column":10}},"2":{"start":{"line":17,"column":21},"end":{"line":19,"column":5}},"3":{"start":{"line":18,"column":8},"end":{"line":18,"column":52}},"4":{"start":{"line":21,"column":23},"end":{"line":23,"column":5}},"5":{"start":{"line":22,"column":8},"end":{"line":22,"column":54}},"6":{"start":{"line":25,"column":14},"end":{"line":61,"column":5}},"7":{"start":{"line":26,"column":35},"end":{"line":26,"column":45}},"8":{"start":{"line":28,"column":20},"end":{"line":28,"column":32}},"9":{"start":{"line":30,"column":24},"end":{"line":30,"column":60}},"10":{"start":{"line":34,"column":8},"end":{"line":45,"column":9}},"11":{"start":{"line":35,"column":12},"end":{"line":41,"column":15}},"12":{"start":{"line":43,"column":12},"end":{"line":43,"column":76}},"13":{"start":{"line":44,"column":12},"end":{"line":44,"column":19}},"14":{"start":{"line":48,"column":8},"end":{"line":51,"column":9}},"15":{"start":{"line":49,"column":12},"end":{"line":49,"column":65}},"16":{"start":{"line":50,"column":12},"end":{"line":50,"column":19}},"17":{"start":{"line":53,"column":8},"end":{"line":56,"column":9}},"18":{"start":{"line":54,"column":12},"end":{"line":54,"column":104}},"19":{"start":{"line":55,"column":12},"end":{"line":55,"column":19}},"20":{"start":{"line":58,"column":8},"end":{"line":58,"column":40}},"21":{"start":{"line":59,"column":8},"end":{"line":59,"column":50}},"22":{"start":{"line":60,"column":8},"end":{"line":60,"column":37}},"23":{"start":{"line":66,"column":20},"end":{"line":66,"column":31}},"24":{"start":{"line":67,"column":8},"end":{"line":69,"column":9}},"25":{"start":{"line":68,"column":12},"end":{"line":68,"column":80}},"26":{"start":{"line":72,"column":8},"end":{"line":93,"column":20}}},"fnMap":{"0":{"name":"(anonymous_0)","decl":{"start":{"line":7,"column":4},"end":{"line":7,"column":5}},"loc":{"start":{"line":7,"column":22},"end":{"line":15,"column":5}},"line":7},"1":{"name":"(anonymous_1)","decl":{"start":{"line":17,"column":21},"end":{"line":17,"column":22}},"loc":{"start":{"line":17,"column":31},"end":{"line":19,"column":5}},"line":17},"2":{"name":"(anonymous_2)","decl":{"start":{"line":21,"column":23},"end":{"line":21,"column":24}},"loc":{"start":{"line":21,"column":34},"end":{"line":23,"column":5}},"line":21},"3":{"name":"(anonymous_3)","decl":{"start":{"line":25,"column":14},"end":{"line":25,"column":15}},"loc":{"start":{"line":25,"column":26},"end":{"line":61,"column":5}},"line":25},"4":{"name":"(anonymous_4)","decl":{"start":{"line":64,"column":4},"end":{"line":64,"column":5}},"loc":{"start":{"line":64,"column":12},"end":{"line":94,"column":5}},"line":64}},"branchMap":{"0":{"loc":{"start":{"line":48,"column":8},"end":{"line":51,"column":9}},"type":"if","locations":[{"start":{"line":48,"column":8},"end":{"line":51,"column":9}},{"start":{"line":48,"column":8},"end":{"line":51,"column":9}}],"line":48},"1":{"loc":{"start":{"line":53,"column":8},"end":{"line":56,"column":9}},"type":"if","locations":[{"start":{"line":53,"column":8},"end":{"line":56,"column":9}},{"start":{"line":53,"column":8},"end":{"line":56,"column":9}}],"line":53},"2":{"loc":{"start":{"line":67,"column":8},"end":{"line":69,"column":9}},"type":"if","locations":[{"start":{"line":67,"column":8},"end":{"line":69,"column":9}},{"start":{"line":67,"column":8},"end":{"line":69,"column":9}}],"line":67}},"s":{"0":2,"1":2,"2":2,"3":2,"4":2,"5":2,"6":2,"7":2,"8":2,"9":2,"10":2,"11":2,"12":0,"13":0,"14":2,"15":1,"16":1,"17":1,"18":0,"19":0,"20":1,"21":1,"22":1,"23":8,"24":8,"25":1,"26":8},"f":{"0":2,"1":2,"2":2,"3":2,"4":8},"b":{"0":[1,1],"1":[0,1],"2":[1,7]},"_coverageSchema":"43e27e138ebf9cfc5966b082cf9a028302ed4184","hash":"8c06234c7993ebcafc07aef43ad72ea11fdf8e8c"}
,"/Users/jonerikrotnebo/WebstormProjects/PG6301_705873/src/client/signup.jsx": {"path":"/Users/jonerikrotnebo/WebstormProjects/PG6301_705873/src/client/signup.jsx","statementMap":{"0":{"start":{"line":7,"column":8},"end":{"line":7,"column":21}},"1":{"start":{"line":9,"column":8},"end":{"line":14,"column":10}},"2":{"start":{"line":17,"column":21},"end":{"line":19,"column":5}},"3":{"start":{"line":18,"column":8},"end":{"line":18,"column":68}},"4":{"start":{"line":21,"column":23},"end":{"line":23,"column":5}},"5":{"start":{"line":22,"column":8},"end":{"line":22,"column":70}},"6":{"start":{"line":25,"column":22},"end":{"line":27,"column":5}},"7":{"start":{"line":26,"column":8},"end":{"line":26,"column":69}},"8":{"start":{"line":29,"column":15},"end":{"line":71,"column":5}},"9":{"start":{"line":31,"column":44},"end":{"line":31,"column":54}},"10":{"start":{"line":33,"column":8},"end":{"line":36,"column":9}},"11":{"start":{"line":34,"column":12},"end":{"line":34,"column":64}},"12":{"start":{"line":35,"column":12},"end":{"line":35,"column":19}},"13":{"start":{"line":38,"column":20},"end":{"line":38,"column":33}},"14":{"start":{"line":40,"column":24},"end":{"line":40,"column":60}},"15":{"start":{"line":44,"column":8},"end":{"line":55,"column":9}},"16":{"start":{"line":45,"column":12},"end":{"line":51,"column":15}},"17":{"start":{"line":53,"column":12},"end":{"line":53,"column":76}},"18":{"start":{"line":54,"column":12},"end":{"line":54,"column":19}},"19":{"start":{"line":58,"column":8},"end":{"line":61,"column":9}},"20":{"start":{"line":59,"column":12},"end":{"line":59,"column":65}},"21":{"start":{"line":60,"column":12},"end":{"line":60,"column":19}},"22":{"start":{"line":63,"column":8},"end":{"line":66,"column":9}},"23":{"start":{"line":64,"column":12},"end":{"line":64,"column":104}},"24":{"start":{"line":65,"column":12},"end":{"line":65,"column":19}},"25":{"start":{"line":68,"column":8},"end":{"line":68,"column":40}},"26":{"start":{"line":69,"column":8},"end":{"line":69,"column":50}},"27":{"start":{"line":70,"column":8},"end":{"line":70,"column":37}},"28":{"start":{"line":75,"column":20},"end":{"line":75,"column":31}},"29":{"start":{"line":76,"column":8},"end":{"line":78,"column":9}},"30":{"start":{"line":77,"column":12},"end":{"line":77,"column":80}},"31":{"start":{"line":80,"column":25},"end":{"line":80,"column":29}},"32":{"start":{"line":81,"column":8},"end":{"line":83,"column":9}},"33":{"start":{"line":82,"column":12},"end":{"line":82,"column":40}},"34":{"start":{"line":85,"column":8},"end":{"line":114,"column":10}}},"fnMap":{"0":{"name":"(anonymous_0)","decl":{"start":{"line":6,"column":4},"end":{"line":6,"column":5}},"loc":{"start":{"line":6,"column":22},"end":{"line":15,"column":5}},"line":6},"1":{"name":"(anonymous_1)","decl":{"start":{"line":17,"column":21},"end":{"line":17,"column":22}},"loc":{"start":{"line":17,"column":32},"end":{"line":19,"column":5}},"line":17},"2":{"name":"(anonymous_2)","decl":{"start":{"line":21,"column":23},"end":{"line":21,"column":24}},"loc":{"start":{"line":21,"column":34},"end":{"line":23,"column":5}},"line":21},"3":{"name":"(anonymous_3)","decl":{"start":{"line":25,"column":22},"end":{"line":25,"column":23}},"loc":{"start":{"line":25,"column":33},"end":{"line":27,"column":5}},"line":25},"4":{"name":"(anonymous_4)","decl":{"start":{"line":29,"column":15},"end":{"line":29,"column":16}},"loc":{"start":{"line":29,"column":27},"end":{"line":71,"column":5}},"line":29},"5":{"name":"(anonymous_5)","decl":{"start":{"line":73,"column":4},"end":{"line":73,"column":5}},"loc":{"start":{"line":73,"column":12},"end":{"line":115,"column":5}},"line":73}},"branchMap":{"0":{"loc":{"start":{"line":33,"column":8},"end":{"line":36,"column":9}},"type":"if","locations":[{"start":{"line":33,"column":8},"end":{"line":36,"column":9}},{"start":{"line":33,"column":8},"end":{"line":36,"column":9}}],"line":33},"1":{"loc":{"start":{"line":58,"column":8},"end":{"line":61,"column":9}},"type":"if","locations":[{"start":{"line":58,"column":8},"end":{"line":61,"column":9}},{"start":{"line":58,"column":8},"end":{"line":61,"column":9}}],"line":58},"2":{"loc":{"start":{"line":63,"column":8},"end":{"line":66,"column":9}},"type":"if","locations":[{"start":{"line":63,"column":8},"end":{"line":66,"column":9}},{"start":{"line":63,"column":8},"end":{"line":66,"column":9}}],"line":63},"3":{"loc":{"start":{"line":76,"column":8},"end":{"line":78,"column":9}},"type":"if","locations":[{"start":{"line":76,"column":8},"end":{"line":78,"column":9}},{"start":{"line":76,"column":8},"end":{"line":78,"column":9}}],"line":76},"4":{"loc":{"start":{"line":81,"column":8},"end":{"line":83,"column":9}},"type":"if","locations":[{"start":{"line":81,"column":8},"end":{"line":83,"column":9}},{"start":{"line":81,"column":8},"end":{"line":83,"column":9}}],"line":81}},"s":{"0":3,"1":3,"2":3,"3":3,"4":3,"5":3,"6":3,"7":3,"8":3,"9":3,"10":3,"11":1,"12":1,"13":2,"14":2,"15":2,"16":2,"17":0,"18":0,"19":2,"20":1,"21":1,"22":1,"23":0,"24":0,"25":1,"26":1,"27":1,"28":15,"29":15,"30":2,"31":15,"32":15,"33":5,"34":15},"f":{"0":3,"1":3,"2":3,"3":3,"4":3,"5":15},"b":{"0":[1,2],"1":[1,1],"2":[0,1],"3":[2,13],"4":[5,10]},"_coverageSchema":"43e27e138ebf9cfc5966b082cf9a028302ed4184","hash":"987204925bdf82a6c9a6cbee9662dbc835e56b8a"}
,"/Users/jonerikrotnebo/WebstormProjects/PG6301_705873/src/server/app.js": {"path":"/Users/jonerikrotnebo/WebstormProjects/PG6301_705873/src/server/app.js","statementMap":{"0":{"start":{"line":1,"column":16},"end":{"line":1,"column":34}},"1":{"start":{"line":2,"column":19},"end":{"line":2,"column":41}},"2":{"start":{"line":3,"column":17},"end":{"line":3,"column":36}},"3":{"start":{"line":4,"column":16},"end":{"line":4,"column":42}},"4":{"start":{"line":5,"column":22},"end":{"line":5,"column":56}},"5":{"start":{"line":6,"column":13},"end":{"line":6,"column":28}},"6":{"start":{"line":7,"column":13},"end":{"line":7,"column":28}},"7":{"start":{"line":8,"column":12},"end":{"line":8,"column":21}},"8":{"start":{"line":9,"column":12},"end":{"line":9,"column":38}},"9":{"start":{"line":10,"column":11},"end":{"line":10,"column":24}},"10":{"start":{"line":12,"column":19},"end":{"line":12,"column":45}},"11":{"start":{"line":14,"column":16},"end":{"line":14,"column":44}},"12":{"start":{"line":16,"column":14},"end":{"line":16,"column":35}},"13":{"start":{"line":18,"column":0},"end":{"line":18,"column":31}},"14":{"start":{"line":20,"column":0},"end":{"line":23,"column":1}},"15":{"start":{"line":21,"column":4},"end":{"line":21,"column":51}},"16":{"start":{"line":22,"column":4},"end":{"line":22,"column":20}},"17":{"start":{"line":25,"column":0},"end":{"line":25,"column":51}},"18":{"start":{"line":27,"column":0},"end":{"line":27,"column":27}},"19":{"start":{"line":29,"column":0},"end":{"line":32,"column":3}},"20":{"start":{"line":30,"column":4},"end":{"line":30,"column":51}},"21":{"start":{"line":34,"column":0},"end":{"line":38,"column":4}},"22":{"start":{"line":40,"column":0},"end":{"line":40,"column":34}},"23":{"start":{"line":42,"column":0},"end":{"line":58,"column":3}},"24":{"start":{"line":49,"column":19},"end":{"line":49,"column":53}},"25":{"start":{"line":51,"column":8},"end":{"line":53,"column":9}},"26":{"start":{"line":52,"column":12},"end":{"line":52,"column":77}},"27":{"start":{"line":55,"column":21},"end":{"line":55,"column":42}},"28":{"start":{"line":56,"column":8},"end":{"line":56,"column":32}},"29":{"start":{"line":61,"column":0},"end":{"line":63,"column":3}},"30":{"start":{"line":62,"column":4},"end":{"line":62,"column":24}},"31":{"start":{"line":65,"column":0},"end":{"line":74,"column":3}},"32":{"start":{"line":67,"column":17},"end":{"line":67,"column":34}},"33":{"start":{"line":69,"column":4},"end":{"line":73,"column":5}},"34":{"start":{"line":70,"column":8},"end":{"line":70,"column":25}},"35":{"start":{"line":72,"column":8},"end":{"line":72,"column":26}},"36":{"start":{"line":80,"column":0},"end":{"line":83,"column":3}},"37":{"start":{"line":82,"column":8},"end":{"line":82,"column":43}},"38":{"start":{"line":85,"column":0},"end":{"line":95,"column":3}},"39":{"start":{"line":87,"column":17},"end":{"line":87,"column":53}},"40":{"start":{"line":89,"column":4},"end":{"line":94,"column":5}},"41":{"start":{"line":90,"column":8},"end":{"line":90,"column":24}},"42":{"start":{"line":91,"column":8},"end":{"line":91,"column":18}},"43":{"start":{"line":93,"column":8},"end":{"line":93,"column":23}},"44":{"start":{"line":97,"column":0},"end":{"line":107,"column":3}},"45":{"start":{"line":99,"column":20},"end":{"line":99,"column":56}},"46":{"start":{"line":100,"column":4},"end":{"line":105,"column":5}},"47":{"start":{"line":101,"column":8},"end":{"line":101,"column":24}},"48":{"start":{"line":104,"column":8},"end":{"line":104,"column":24}},"49":{"start":{"line":106,"column":4},"end":{"line":106,"column":15}},"50":{"start":{"line":109,"column":0},"end":{"line":118,"column":3}},"51":{"start":{"line":111,"column":16},"end":{"line":111,"column":24}},"52":{"start":{"line":113,"column":15},"end":{"line":113,"column":126}},"53":{"start":{"line":115,"column":4},"end":{"line":115,"column":20}},"54":{"start":{"line":116,"column":4},"end":{"line":116,"column":47}},"55":{"start":{"line":117,"column":4},"end":{"line":117,"column":15}},"56":{"start":{"line":120,"column":0},"end":{"line":137,"column":3}},"57":{"start":{"line":122,"column":4},"end":{"line":126,"column":5}},"58":{"start":{"line":123,"column":8},"end":{"line":123,"column":24}},"59":{"start":{"line":124,"column":8},"end":{"line":124,"column":19}},"60":{"start":{"line":125,"column":8},"end":{"line":125,"column":15}},"61":{"start":{"line":128,"column":20},"end":{"line":128,"column":51}},"62":{"start":{"line":130,"column":4},"end":{"line":135,"column":5}},"63":{"start":{"line":131,"column":8},"end":{"line":131,"column":24}},"64":{"start":{"line":134,"column":8},"end":{"line":134,"column":24}},"65":{"start":{"line":136,"column":4},"end":{"line":136,"column":15}},"66":{"start":{"line":140,"column":0},"end":{"line":140,"column":31}},"67":{"start":{"line":141,"column":0},"end":{"line":141,"column":28}},"68":{"start":{"line":144,"column":0},"end":{"line":144,"column":25}},"69":{"start":{"line":148,"column":0},"end":{"line":150,"column":3}},"70":{"start":{"line":149,"column":4},"end":{"line":149,"column":78}},"71":{"start":{"line":152,"column":0},"end":{"line":152,"column":23}}},"fnMap":{"0":{"name":"(anonymous_0)","decl":{"start":{"line":29,"column":12},"end":{"line":29,"column":13}},"loc":{"start":{"line":29,"column":35},"end":{"line":32,"column":1}},"line":29},"1":{"name":"(anonymous_1)","decl":{"start":{"line":47,"column":4},"end":{"line":47,"column":5}},"loc":{"start":{"line":47,"column":38},"end":{"line":57,"column":5}},"line":47},"2":{"name":"(anonymous_2)","decl":{"start":{"line":61,"column":23},"end":{"line":61,"column":24}},"loc":{"start":{"line":61,"column":45},"end":{"line":63,"column":1}},"line":61},"3":{"name":"(anonymous_3)","decl":{"start":{"line":65,"column":25},"end":{"line":65,"column":26}},"loc":{"start":{"line":65,"column":45},"end":{"line":74,"column":1}},"line":65},"4":{"name":"(anonymous_4)","decl":{"start":{"line":80,"column":22},"end":{"line":80,"column":23}},"loc":{"start":{"line":80,"column":36},"end":{"line":83,"column":1}},"line":80},"5":{"name":"(anonymous_5)","decl":{"start":{"line":85,"column":26},"end":{"line":85,"column":27}},"loc":{"start":{"line":85,"column":40},"end":{"line":95,"column":1}},"line":85},"6":{"name":"(anonymous_6)","decl":{"start":{"line":97,"column":29},"end":{"line":97,"column":30}},"loc":{"start":{"line":97,"column":43},"end":{"line":107,"column":1}},"line":97},"7":{"name":"(anonymous_7)","decl":{"start":{"line":109,"column":23},"end":{"line":109,"column":24}},"loc":{"start":{"line":109,"column":37},"end":{"line":118,"column":1}},"line":109},"8":{"name":"(anonymous_8)","decl":{"start":{"line":120,"column":26},"end":{"line":120,"column":27}},"loc":{"start":{"line":120,"column":40},"end":{"line":137,"column":1}},"line":120},"9":{"name":"(anonymous_9)","decl":{"start":{"line":148,"column":8},"end":{"line":148,"column":9}},"loc":{"start":{"line":148,"column":28},"end":{"line":150,"column":1}},"line":148}},"branchMap":{"0":{"loc":{"start":{"line":20,"column":0},"end":{"line":23,"column":1}},"type":"if","locations":[{"start":{"line":20,"column":0},"end":{"line":23,"column":1}},{"start":{"line":20,"column":0},"end":{"line":23,"column":1}}],"line":20},"1":{"loc":{"start":{"line":51,"column":8},"end":{"line":53,"column":9}},"type":"if","locations":[{"start":{"line":51,"column":8},"end":{"line":53,"column":9}},{"start":{"line":51,"column":8},"end":{"line":53,"column":9}}],"line":51},"2":{"loc":{"start":{"line":69,"column":4},"end":{"line":73,"column":5}},"type":"if","locations":[{"start":{"line":69,"column":4},"end":{"line":73,"column":5}},{"start":{"line":69,"column":4},"end":{"line":73,"column":5}}],"line":69},"3":{"loc":{"start":{"line":89,"column":4},"end":{"line":94,"column":5}},"type":"if","locations":[{"start":{"line":89,"column":4},"end":{"line":94,"column":5}},{"start":{"line":89,"column":4},"end":{"line":94,"column":5}}],"line":89},"4":{"loc":{"start":{"line":100,"column":4},"end":{"line":105,"column":5}},"type":"if","locations":[{"start":{"line":100,"column":4},"end":{"line":105,"column":5}},{"start":{"line":100,"column":4},"end":{"line":105,"column":5}}],"line":100},"5":{"loc":{"start":{"line":122,"column":4},"end":{"line":126,"column":5}},"type":"if","locations":[{"start":{"line":122,"column":4},"end":{"line":126,"column":5}},{"start":{"line":122,"column":4},"end":{"line":126,"column":5}}],"line":122},"6":{"loc":{"start":{"line":130,"column":4},"end":{"line":135,"column":5}},"type":"if","locations":[{"start":{"line":130,"column":4},"end":{"line":135,"column":5}},{"start":{"line":130,"column":4},"end":{"line":135,"column":5}}],"line":130}},"s":{"0":4,"1":4,"2":4,"3":4,"4":4,"5":4,"6":4,"7":4,"8":4,"9":4,"10":4,"11":4,"12":4,"13":4,"14":4,"15":0,"16":0,"17":4,"18":4,"19":4,"20":0,"21":4,"22":4,"23":4,"24":4,"25":4,"26":1,"27":3,"28":3,"29":4,"30":3,"31":4,"32":1,"33":1,"34":1,"35":0,"36":4,"37":7,"38":4,"39":5,"40":5,"41":1,"42":1,"43":4,"44":4,"45":4,"46":4,"47":4,"48":0,"49":4,"50":4,"51":1,"52":1,"53":1,"54":1,"55":1,"56":4,"57":0,"58":0,"59":0,"60":0,"61":0,"62":0,"63":0,"64":0,"65":0,"66":4,"67":4,"68":4,"69":4,"70":2,"71":4},"f":{"0":0,"1":4,"2":3,"3":1,"4":7,"5":5,"6":4,"7":1,"8":0,"9":2},"b":{"0":[0,4],"1":[1,3],"2":[1,0],"3":[1,4],"4":[4,0],"5":[0,0],"6":[0,0]},"_coverageSchema":"43e27e138ebf9cfc5966b082cf9a028302ed4184","hash":"bd26c3cb3ddd5094e20cd95093b9bc7c5c62c12e"}
,"/Users/jonerikrotnebo/WebstormProjects/PG6301_705873/src/server/server.js": {"path":"/Users/jonerikrotnebo/WebstormProjects/PG6301_705873/src/server/server.js","statementMap":{"0":{"start":{"line":1,"column":14},"end":{"line":1,"column":30}},"1":{"start":{"line":2,"column":19},"end":{"line":2,"column":53}},"2":{"start":{"line":4,"column":13},"end":{"line":4,"column":37}},"3":{"start":{"line":6,"column":0},"end":{"line":9,"column":3}},"4":{"start":{"line":7,"column":4},"end":{"line":7,"column":35}},"5":{"start":{"line":8,"column":4},"end":{"line":8,"column":50}}},"fnMap":{"0":{"name":"(anonymous_0)","decl":{"start":{"line":6,"column":17},"end":{"line":6,"column":18}},"loc":{"start":{"line":6,"column":23},"end":{"line":9,"column":1}},"line":6}},"branchMap":{"0":{"loc":{"start":{"line":4,"column":13},"end":{"line":4,"column":37}},"type":"binary-expr","locations":[{"start":{"line":4,"column":13},"end":{"line":4,"column":29}},{"start":{"line":4,"column":33},"end":{"line":4,"column":37}}],"line":4}},"s":{"0":0,"1":0,"2":0,"3":0,"4":0,"5":0},"f":{"0":0},"b":{"0":[0,0]},"hash":"79455b8384d3edf91a7e1e5e3d748ba9c146680a"}
,"/Users/jonerikrotnebo/WebstormProjects/PG6301_705873/src/server/db/repository.js": {"path":"/Users/jonerikrotnebo/WebstormProjects/PG6301_705873/src/server/db/repository.js","statementMap":{"0":{"start":{"line":3,"column":14},"end":{"line":3,"column":23}},"1":{"start":{"line":6,"column":14},"end":{"line":6,"column":15}},"2":{"start":{"line":10,"column":4},"end":{"line":10,"column":17}},"3":{"start":{"line":11,"column":4},"end":{"line":11,"column":16}},"4":{"start":{"line":13,"column":4},"end":{"line":13,"column":81}},"5":{"start":{"line":14,"column":4},"end":{"line":14,"column":98}},"6":{"start":{"line":15,"column":4},"end":{"line":15,"column":67}},"7":{"start":{"line":16,"column":4},"end":{"line":16,"column":83}},"8":{"start":{"line":21,"column":15},"end":{"line":21,"column":31}},"9":{"start":{"line":22,"column":4},"end":{"line":22,"column":14}},"10":{"start":{"line":24,"column":4},"end":{"line":24,"column":16}},"11":{"start":{"line":26,"column":17},"end":{"line":34,"column":5}},"12":{"start":{"line":36,"column":4},"end":{"line":36,"column":24}},"13":{"start":{"line":38,"column":4},"end":{"line":38,"column":14}},"14":{"start":{"line":43,"column":4},"end":{"line":43,"column":28}},"15":{"start":{"line":48,"column":4},"end":{"line":48,"column":25}},"16":{"start":{"line":53,"column":4},"end":{"line":53,"column":38}},"17":{"start":{"line":58,"column":4},"end":{"line":60,"column":5}},"18":{"start":{"line":59,"column":8},"end":{"line":59,"column":21}},"19":{"start":{"line":62,"column":4},"end":{"line":62,"column":29}},"20":{"start":{"line":63,"column":4},"end":{"line":63,"column":16}},"21":{"start":{"line":66,"column":0},"end":{"line":67,"column":52}}},"fnMap":{"0":{"name":"initWithSomeItems","decl":{"start":{"line":8,"column":9},"end":{"line":8,"column":26}},"loc":{"start":{"line":8,"column":28},"end":{"line":17,"column":1}},"line":8},"1":{"name":"createNewItem","decl":{"start":{"line":19,"column":9},"end":{"line":19,"column":22}},"loc":{"start":{"line":19,"column":75},"end":{"line":39,"column":1}},"line":19},"2":{"name":"deleteItem","decl":{"start":{"line":41,"column":9},"end":{"line":41,"column":19}},"loc":{"start":{"line":41,"column":23},"end":{"line":44,"column":1}},"line":41},"3":{"name":"getItem","decl":{"start":{"line":46,"column":9},"end":{"line":46,"column":16}},"loc":{"start":{"line":46,"column":20},"end":{"line":49,"column":1}},"line":46},"4":{"name":"getAllItems","decl":{"start":{"line":51,"column":9},"end":{"line":51,"column":20}},"loc":{"start":{"line":51,"column":22},"end":{"line":54,"column":1}},"line":51},"5":{"name":"updateItem","decl":{"start":{"line":56,"column":9},"end":{"line":56,"column":19}},"loc":{"start":{"line":56,"column":25},"end":{"line":64,"column":1}},"line":56}},"branchMap":{"0":{"loc":{"start":{"line":58,"column":4},"end":{"line":60,"column":5}},"type":"if","locations":[{"start":{"line":58,"column":4},"end":{"line":60,"column":5}},{"start":{"line":58,"column":4},"end":{"line":60,"column":5}}],"line":58}},"s":{"0":4,"1":4,"2":5,"3":5,"4":5,"5":5,"6":5,"7":5,"8":21,"9":21,"10":21,"11":21,"12":21,"13":21,"14":4,"15":5,"16":7,"17":0,"18":0,"19":0,"20":0,"21":4},"f":{"0":5,"1":21,"2":4,"3":5,"4":7,"5":0},"b":{"0":[0,0]},"_coverageSchema":"43e27e138ebf9cfc5966b082cf9a028302ed4184","hash":"e0b44cda7d74eaf7870386fe13df3c9453d650d7"}
,"/Users/jonerikrotnebo/WebstormProjects/PG6301_705873/src/server/db/users.js": {"path":"/Users/jonerikrotnebo/WebstormProjects/PG6301_705873/src/server/db/users.js","statementMap":{"0":{"start":{"line":2,"column":14},"end":{"line":2,"column":23}},"1":{"start":{"line":6,"column":4},"end":{"line":6,"column":25}},"2":{"start":{"line":12,"column":17},"end":{"line":12,"column":28}},"3":{"start":{"line":14,"column":4},"end":{"line":16,"column":5}},"4":{"start":{"line":15,"column":8},"end":{"line":15,"column":21}},"5":{"start":{"line":18,"column":4},"end":{"line":18,"column":38}},"6":{"start":{"line":23,"column":4},"end":{"line":25,"column":5}},"7":{"start":{"line":24,"column":8},"end":{"line":24,"column":21}},"8":{"start":{"line":27,"column":17},"end":{"line":31,"column":5}},"9":{"start":{"line":33,"column":4},"end":{"line":33,"column":24}},"10":{"start":{"line":34,"column":4},"end":{"line":34,"column":16}},"11":{"start":{"line":39,"column":4},"end":{"line":39,"column":18}},"12":{"start":{"line":46,"column":0},"end":{"line":46,"column":66}}},"fnMap":{"0":{"name":"getUser","decl":{"start":{"line":4,"column":9},"end":{"line":4,"column":16}},"loc":{"start":{"line":4,"column":20},"end":{"line":7,"column":1}},"line":4},"1":{"name":"verifyUser","decl":{"start":{"line":10,"column":9},"end":{"line":10,"column":19}},"loc":{"start":{"line":10,"column":33},"end":{"line":19,"column":1}},"line":10},"2":{"name":"createUser","decl":{"start":{"line":21,"column":9},"end":{"line":21,"column":19}},"loc":{"start":{"line":21,"column":33},"end":{"line":35,"column":1}},"line":21},"3":{"name":"resetAllUsers","decl":{"start":{"line":38,"column":9},"end":{"line":38,"column":22}},"loc":{"start":{"line":38,"column":24},"end":{"line":40,"column":1}},"line":38}},"branchMap":{"0":{"loc":{"start":{"line":14,"column":4},"end":{"line":16,"column":5}},"type":"if","locations":[{"start":{"line":14,"column":4},"end":{"line":16,"column":5}},{"start":{"line":14,"column":4},"end":{"line":16,"column":5}}],"line":14},"1":{"loc":{"start":{"line":23,"column":4},"end":{"line":25,"column":5}},"type":"if","locations":[{"start":{"line":23,"column":4},"end":{"line":25,"column":5}},{"start":{"line":23,"column":4},"end":{"line":25,"column":5}}],"line":23}},"s":{"0":4,"1":19,"2":4,"3":4,"4":1,"5":3,"6":9,"7":1,"8":8,"9":8,"10":8,"11":5,"12":4},"f":{"0":19,"1":4,"2":9,"3":5},"b":{"0":[1,3],"1":[1,8]},"_coverageSchema":"43e27e138ebf9cfc5966b082cf9a028302ed4184","hash":"a14c68b66753edd553a6643501a0c0b9243619ce"}
,"/Users/jonerikrotnebo/WebstormProjects/PG6301_705873/src/server/routes/auth-api.js": {"path":"/Users/jonerikrotnebo/WebstormProjects/PG6301_705873/src/server/routes/auth-api.js","statementMap":{"0":{"start":{"line":1,"column":16},"end":{"line":1,"column":34}},"1":{"start":{"line":2,"column":17},"end":{"line":2,"column":36}},"2":{"start":{"line":3,"column":14},"end":{"line":3,"column":36}},"3":{"start":{"line":5,"column":15},"end":{"line":5,"column":31}},"4":{"start":{"line":7,"column":0},"end":{"line":10,"column":3}},"5":{"start":{"line":9,"column":4},"end":{"line":9,"column":27}},"6":{"start":{"line":12,"column":0},"end":{"line":31,"column":3}},"7":{"start":{"line":14,"column":20},"end":{"line":14,"column":72}},"8":{"start":{"line":16,"column":4},"end":{"line":19,"column":5}},"9":{"start":{"line":17,"column":8},"end":{"line":17,"column":31}},"10":{"start":{"line":18,"column":8},"end":{"line":18,"column":15}},"11":{"start":{"line":21,"column":4},"end":{"line":30,"column":7}},"12":{"start":{"line":22,"column":8},"end":{"line":29,"column":11}},"13":{"start":{"line":23,"column":12},"end":{"line":28,"column":13}},"14":{"start":{"line":25,"column":16},"end":{"line":25,"column":39}},"15":{"start":{"line":27,"column":16},"end":{"line":27,"column":39}},"16":{"start":{"line":33,"column":0},"end":{"line":37,"column":3}},"17":{"start":{"line":35,"column":4},"end":{"line":35,"column":17}},"18":{"start":{"line":36,"column":4},"end":{"line":36,"column":27}},"19":{"start":{"line":40,"column":0},"end":{"line":52,"column":3}},"20":{"start":{"line":42,"column":4},"end":{"line":45,"column":5}},"21":{"start":{"line":43,"column":8},"end":{"line":43,"column":31}},"22":{"start":{"line":44,"column":8},"end":{"line":44,"column":15}},"23":{"start":{"line":47,"column":4},"end":{"line":51,"column":6}},"24":{"start":{"line":58,"column":0},"end":{"line":58,"column":24}}},"fnMap":{"0":{"name":"(anonymous_0)","decl":{"start":{"line":7,"column":54},"end":{"line":7,"column":55}},"loc":{"start":{"line":7,"column":68},"end":{"line":10,"column":1}},"line":7},"1":{"name":"(anonymous_1)","decl":{"start":{"line":12,"column":23},"end":{"line":12,"column":24}},"loc":{"start":{"line":12,"column":43},"end":{"line":31,"column":1}},"line":12},"2":{"name":"(anonymous_2)","decl":{"start":{"line":21,"column":45},"end":{"line":21,"column":46}},"loc":{"start":{"line":21,"column":51},"end":{"line":30,"column":5}},"line":21},"3":{"name":"(anonymous_3)","decl":{"start":{"line":22,"column":25},"end":{"line":22,"column":26}},"loc":{"start":{"line":22,"column":34},"end":{"line":29,"column":9}},"line":22},"4":{"name":"(anonymous_4)","decl":{"start":{"line":33,"column":23},"end":{"line":33,"column":24}},"loc":{"start":{"line":33,"column":43},"end":{"line":37,"column":1}},"line":33},"5":{"name":"(anonymous_5)","decl":{"start":{"line":40,"column":20},"end":{"line":40,"column":21}},"loc":{"start":{"line":40,"column":40},"end":{"line":52,"column":1}},"line":40}},"branchMap":{"0":{"loc":{"start":{"line":16,"column":4},"end":{"line":19,"column":5}},"type":"if","locations":[{"start":{"line":16,"column":4},"end":{"line":19,"column":5}},{"start":{"line":16,"column":4},"end":{"line":19,"column":5}}],"line":16},"1":{"loc":{"start":{"line":23,"column":12},"end":{"line":28,"column":13}},"type":"if","locations":[{"start":{"line":23,"column":12},"end":{"line":28,"column":13}},{"start":{"line":23,"column":12},"end":{"line":28,"column":13}}],"line":23},"2":{"loc":{"start":{"line":42,"column":4},"end":{"line":45,"column":5}},"type":"if","locations":[{"start":{"line":42,"column":4},"end":{"line":45,"column":5}},{"start":{"line":42,"column":4},"end":{"line":45,"column":5}}],"line":42}},"s":{"0":4,"1":4,"2":4,"3":4,"4":4,"5":1,"6":4,"7":3,"8":3,"9":1,"10":1,"11":2,"12":2,"13":2,"14":0,"15":2,"16":4,"17":1,"18":1,"19":4,"20":0,"21":0,"22":0,"23":0,"24":4},"f":{"0":1,"1":3,"2":2,"3":2,"4":1,"5":0},"b":{"0":[1,2],"1":[0,2],"2":[0,0]},"_coverageSchema":"43e27e138ebf9cfc5966b082cf9a028302ed4184","hash":"427ddbf3e60fff09ee3cb3de963d79ed3ee76634"}
}
