TN:
SF:/Users/jonerikrotnebo/WebstormProjects/PG6301_705873/src/client/auctionBid.jsx
FN:7,(anonymous_0)
FN:24,(anonymous_1)
FN:55,(anonymous_2)
FN:59,(anonymous_3)
FNF:4
FNH:0
FNDA:0,(anonymous_0)
FNDA:0,(anonymous_1)
FNDA:0,(anonymous_2)
FNDA:0,(anonymous_3)
DA:8,0
DA:10,0
DA:20,0
DA:24,0
DA:26,0
DA:28,0
DA:33,0
DA:42,0
DA:43,0
DA:46,0
DA:49,0
DA:55,0
DA:56,0
DA:61,0
LF:14
LH:0
BRDA:11,0,0,0
BRDA:11,0,1,0
BRDA:12,1,0,0
BRDA:12,1,1,0
BRDA:13,2,0,0
BRDA:13,2,1,0
BRDA:14,3,0,0
BRDA:14,3,1,0
BRDA:15,4,0,0
BRDA:15,4,1,0
BRDA:16,5,0,0
BRDA:16,5,1,0
BRDA:20,6,0,0
BRDA:20,6,1,0
BRDA:28,7,0,0
BRDA:28,7,1,0
BRDA:29,8,0,0
BRDA:29,8,1,0
BRDA:42,9,0,0
BRDA:42,9,1,0
BRF:20
BRH:0
end_of_record
TN:
SF:/Users/jonerikrotnebo/WebstormProjects/PG6301_705873/src/client/bid.jsx
FN:6,(anonymous_0)
FN:21,(anonymous_1)
FN:28,(anonymous_2)
FN:61,(anonymous_3)
FN:85,(anonymous_4)
FNF:5
FNH:0
FNDA:0,(anonymous_0)
FNDA:0,(anonymous_1)
FNDA:0,(anonymous_2)
FNDA:0,(anonymous_3)
FNDA:0,(anonymous_4)
DA:7,0
DA:9,0
DA:14,0
DA:16,0
DA:17,0
DA:22,0
DA:23,0
DA:25,0
DA:30,0
DA:35,0
DA:36,0
DA:37,0
DA:40,0
DA:44,0
DA:47,0
DA:48,0
DA:53,0
DA:61,0
DA:63,0
DA:65,0
DA:69,0
DA:70,0
DA:78,0
DA:81,0
DA:87,0
DA:88,0
DA:91,0
DA:92,0
DA:99,0
DA:100,0
DA:103,0
LF:31
LH:0
BRDA:16,0,0,0
BRDA:16,0,1,0
BRDA:22,1,0,0
BRDA:22,1,1,0
BRDA:47,2,0,0
BRDA:47,2,1,0
BRDA:88,3,0,0
BRDA:88,3,1,0
BRDA:91,4,0,0
BRDA:91,4,1,0
BRDA:99,5,0,0
BRDA:99,5,1,0
BRDA:106,6,0,0
BRDA:106,6,1,0
BRF:14
BRH:0
end_of_record
TN:
SF:/Users/jonerikrotnebo/WebstormProjects/PG6301_705873/src/client/create.jsx
FN:6,(anonymous_0)
FN:10,(anonymous_1)
FN:35,(anonymous_2)
FNF:3
FNH:0
FNDA:0,(anonymous_0)
FNDA:0,(anonymous_1)
FNDA:0,(anonymous_2)
DA:7,0
DA:10,0
DA:12,0
DA:15,0
DA:19,0
DA:20,0
DA:28,0
DA:31,0
DA:37,0
LF:9
LH:0
BRF:0
BRH:0
end_of_record
TN:
SF:/Users/jonerikrotnebo/WebstormProjects/PG6301_705873/src/client/headerbar.jsx
FN:6,(anonymous_0)
FN:10,(anonymous_1)
FN:31,(anonymous_2)
FN:45,(anonymous_3)
FN:61,(anonymous_4)
FNF:5
FNH:5
FNDA:3,(anonymous_0)
FNDA:1,(anonymous_1)
FNDA:2,(anonymous_2)
FNDA:1,(anonymous_3)
FNDA:3,(anonymous_4)
DA:7,3
DA:10,3
DA:11,1
DA:15,1
DA:16,1
DA:18,0
DA:19,0
DA:22,1
DA:23,0
DA:24,0
DA:27,1
DA:28,1
DA:32,2
DA:46,1
DA:62,3
DA:65,3
DA:66,1
DA:68,2
DA:71,3
LF:19
LH:15
BRDA:22,0,0,0
BRDA:22,0,1,1
BRDA:65,1,0,1
BRDA:65,1,1,2
BRF:4
BRH:3
end_of_record
TN:
SF:/Users/jonerikrotnebo/WebstormProjects/PG6301_705873/src/client/home.jsx
FN:6,(anonymous_0)
FN:15,(anonymous_1)
FN:22,(anonymous_2)
FN:54,(anonymous_3)
FN:85,(anonymous_4)
FN:110,(anonymous_5)
FN:121,(anonymous_6)
FNF:7
FNH:4
FNDA:2,(anonymous_0)
FNDA:2,(anonymous_1)
FNDA:2,(anonymous_2)
FNDA:0,(anonymous_3)
FNDA:4,(anonymous_4)
FNDA:0,(anonymous_5)
FNDA:0,(anonymous_6)
DA:7,2
DA:9,2
DA:16,2
DA:17,1
DA:19,2
DA:24,2
DA:29,2
DA:30,2
DA:31,0
DA:34,2
DA:38,2
DA:41,0
DA:42,0
DA:47,0
DA:54,2
DA:55,0
DA:57,0
DA:58,0
DA:60,0
DA:63,0
DA:67,0
DA:68,0
DA:76,0
DA:79,0
DA:81,0
DA:87,4
DA:88,4
DA:93,4
DA:94,2
DA:95,2
DA:96,2
DA:98,0
DA:111,0
DA:121,0
DA:160,4
LF:35
LH:18
BRDA:16,0,0,1
BRDA:16,0,1,1
BRDA:41,1,0,0
BRDA:41,1,1,0
BRDA:57,2,0,0
BRDA:57,2,1,0
BRDA:88,3,0,4
BRDA:88,3,1,4
BRDA:93,4,0,2
BRDA:93,4,1,2
BRDA:95,5,0,2
BRDA:95,5,1,0
BRDA:95,6,0,2
BRDA:95,6,1,0
BRDA:117,7,0,0
BRDA:117,7,1,0
BRDA:119,8,0,0
BRDA:119,8,1,0
BRDA:119,8,2,0
BRDA:127,9,0,0
BRDA:127,9,1,0
BRDA:127,9,2,0
BRDA:136,10,0,0
BRDA:136,10,1,0
BRDA:169,11,0,2
BRDA:169,11,1,2
BRF:26
BRH:10
end_of_record
TN:
SF:/Users/jonerikrotnebo/WebstormProjects/PG6301_705873/src/client/index.jsx
FN:15,(anonymous_0)
FN:23,(anonymous_1)
FN:28,(anonymous_2)
FN:33,(anonymous_3)
FN:62,(anonymous_4)
FN:66,(anonymous_5)
FN:77,(anonymous_6)
FN:87,(anonymous_7)
FN:88,(anonymous_8)
FN:91,(anonymous_9)
FN:99,(anonymous_10)
FN:105,(anonymous_11)
FNF:12
FNH:0
FNDA:0,(anonymous_0)
FNDA:0,(anonymous_1)
FNDA:0,(anonymous_2)
FNDA:0,(anonymous_3)
FNDA:0,(anonymous_4)
FNDA:0,(anonymous_5)
FNDA:0,(anonymous_6)
FNDA:0,(anonymous_7)
FNDA:0,(anonymous_8)
FNDA:0,(anonymous_9)
FNDA:0,(anonymous_10)
FNDA:0,(anonymous_11)
DA:16,0
DA:18,0
DA:24,0
DA:29,0
DA:33,0
DA:35,0
DA:39,0
DA:40,0
DA:44,0
DA:45,0
DA:48,0
DA:50,0
DA:51,0
DA:54,0
DA:57,0
DA:58,0
DA:62,0
DA:63,0
DA:67,0
DA:78,0
DA:80,0
DA:87,0
DA:88,0
DA:91,0
DA:99,0
DA:105,0
DA:118,0
LF:27
LH:0
BRDA:48,0,0,0
BRDA:48,0,1,0
BRDA:54,1,0,0
BRDA:54,1,1,0
BRDA:78,2,0,0
BRDA:78,2,1,0
BRF:6
BRH:0
end_of_record
TN:
SF:/Users/jonerikrotnebo/WebstormProjects/PG6301_705873/src/client/item.jsx
FN:7,(anonymous_0)
FN:22,(anonymous_1)
FN:44,(anonymous_2)
FN:48,(anonymous_3)
FN:52,(anonymous_4)
FN:56,(anonymous_5)
FN:60,(anonymous_6)
FNF:7
FNH:0
FNDA:0,(anonymous_0)
FNDA:0,(anonymous_1)
FNDA:0,(anonymous_2)
FNDA:0,(anonymous_3)
FNDA:0,(anonymous_4)
FNDA:0,(anonymous_5)
FNDA:0,(anonymous_6)
DA:8,0
DA:10,0
DA:19,0
DA:22,0
DA:24,0
DA:26,0
DA:36,0
DA:37,0
DA:40,0
DA:44,0
DA:45,0
DA:48,0
DA:49,0
DA:52,0
DA:53,0
DA:56,0
DA:57,0
DA:62,0
LF:18
LH:0
BRDA:11,0,0,0
BRDA:11,0,1,0
BRDA:12,1,0,0
BRDA:12,1,1,0
BRDA:13,2,0,0
BRDA:13,2,1,0
BRDA:14,3,0,0
BRDA:14,3,1,0
BRDA:15,4,0,0
BRDA:15,4,1,0
BRDA:16,5,0,0
BRDA:16,5,1,0
BRDA:19,6,0,0
BRDA:19,6,1,0
BRDA:36,7,0,0
BRDA:36,7,1,0
BRF:16
BRH:0
end_of_record
TN:
SF:/Users/jonerikrotnebo/WebstormProjects/PG6301_705873/src/client/login.jsx
FN:7,(anonymous_0)
FN:17,(anonymous_1)
FN:21,(anonymous_2)
FN:25,(anonymous_3)
FN:64,(anonymous_4)
FNF:5
FNH:5
FNDA:2,(anonymous_0)
FNDA:2,(anonymous_1)
FNDA:2,(anonymous_2)
FNDA:2,(anonymous_3)
FNDA:8,(anonymous_4)
DA:8,2
DA:10,2
DA:17,2
DA:18,2
DA:21,2
DA:22,2
DA:25,2
DA:26,2
DA:28,2
DA:30,2
DA:34,2
DA:35,2
DA:43,0
DA:44,0
DA:48,2
DA:49,1
DA:50,1
DA:53,1
DA:54,0
DA:55,0
DA:58,1
DA:59,1
DA:60,1
DA:66,8
DA:67,8
DA:68,1
DA:72,8
LF:27
LH:23
BRDA:48,0,0,1
BRDA:48,0,1,1
BRDA:53,1,0,0
BRDA:53,1,1,1
BRDA:67,2,0,1
BRDA:67,2,1,7
BRF:6
BRH:5
end_of_record
TN:
SF:/Users/jonerikrotnebo/WebstormProjects/PG6301_705873/src/client/signup.jsx
FN:6,(anonymous_0)
FN:17,(anonymous_1)
FN:21,(anonymous_2)
FN:25,(anonymous_3)
FN:29,(anonymous_4)
FN:73,(anonymous_5)
FNF:6
FNH:6
FNDA:3,(anonymous_0)
FNDA:3,(anonymous_1)
FNDA:3,(anonymous_2)
FNDA:3,(anonymous_3)
FNDA:3,(anonymous_4)
FNDA:15,(anonymous_5)
DA:7,3
DA:9,3
DA:17,3
DA:18,3
DA:21,3
DA:22,3
DA:25,3
DA:26,3
DA:29,3
DA:31,3
DA:33,3
DA:34,1
DA:35,1
DA:38,2
DA:40,2
DA:44,2
DA:45,2
DA:53,0
DA:54,0
DA:58,2
DA:59,1
DA:60,1
DA:63,1
DA:64,0
DA:65,0
DA:68,1
DA:69,1
DA:70,1
DA:75,15
DA:76,15
DA:77,2
DA:80,15
DA:81,15
DA:82,5
DA:85,15
LF:35
LH:31
BRDA:33,0,0,1
BRDA:33,0,1,2
BRDA:58,1,0,1
BRDA:58,1,1,1
BRDA:63,2,0,0
BRDA:63,2,1,1
BRDA:76,3,0,2
BRDA:76,3,1,13
BRDA:81,4,0,5
BRDA:81,4,1,10
BRF:10
BRH:9
end_of_record
TN:
SF:/Users/jonerikrotnebo/WebstormProjects/PG6301_705873/src/server/app.js
FN:29,(anonymous_0)
FN:47,(anonymous_1)
FN:61,(anonymous_2)
FN:65,(anonymous_3)
FN:80,(anonymous_4)
FN:85,(anonymous_5)
FN:97,(anonymous_6)
FN:109,(anonymous_7)
FN:120,(anonymous_8)
FN:148,(anonymous_9)
FNF:10
FNH:8
FNDA:0,(anonymous_0)
FNDA:4,(anonymous_1)
FNDA:3,(anonymous_2)
FNDA:1,(anonymous_3)
FNDA:7,(anonymous_4)
FNDA:5,(anonymous_5)
FNDA:4,(anonymous_6)
FNDA:1,(anonymous_7)
FNDA:0,(anonymous_8)
FNDA:2,(anonymous_9)
DA:1,4
DA:2,4
DA:3,4
DA:4,4
DA:5,4
DA:6,4
DA:7,4
DA:8,4
DA:9,4
DA:10,4
DA:12,4
DA:14,4
DA:16,4
DA:18,4
DA:20,4
DA:21,0
DA:22,0
DA:25,4
DA:27,4
DA:29,4
DA:30,0
DA:34,4
DA:40,4
DA:42,4
DA:49,4
DA:51,4
DA:52,1
DA:55,3
DA:56,3
DA:61,4
DA:62,3
DA:65,4
DA:67,1
DA:69,1
DA:70,1
DA:72,0
DA:80,4
DA:82,7
DA:85,4
DA:87,5
DA:89,5
DA:90,1
DA:91,1
DA:93,4
DA:97,4
DA:99,4
DA:100,4
DA:101,4
DA:104,0
DA:106,4
DA:109,4
DA:111,1
DA:113,1
DA:115,1
DA:116,1
DA:117,1
DA:120,4
DA:122,0
DA:123,0
DA:124,0
DA:125,0
DA:128,0
DA:130,0
DA:131,0
DA:134,0
DA:136,0
DA:140,4
DA:141,4
DA:144,4
DA:148,4
DA:149,2
DA:152,4
LF:72
LH:58
BRDA:20,0,0,0
BRDA:20,0,1,4
BRDA:51,1,0,1
BRDA:51,1,1,3
BRDA:69,2,0,1
BRDA:69,2,1,0
BRDA:89,3,0,1
BRDA:89,3,1,4
BRDA:100,4,0,4
BRDA:100,4,1,0
BRDA:122,5,0,0
BRDA:122,5,1,0
BRDA:130,6,0,0
BRDA:130,6,1,0
BRF:14
BRH:7
end_of_record
TN:
SF:/Users/jonerikrotnebo/WebstormProjects/PG6301_705873/src/server/server.js
FN:6,(anonymous_0)
FNF:1
FNH:0
FNDA:0,(anonymous_0)
DA:1,0
DA:2,0
DA:4,0
DA:6,0
DA:7,0
DA:8,0
LF:6
LH:0
BRDA:4,0,0,0
BRDA:4,0,1,0
BRF:2
BRH:0
end_of_record
TN:
SF:/Users/jonerikrotnebo/WebstormProjects/PG6301_705873/src/server/db/repository.js
FN:8,initWithSomeItems
FN:19,createNewItem
FN:41,deleteItem
FN:46,getItem
FN:51,getAllItems
FN:56,updateItem
FNF:6
FNH:5
FNDA:5,initWithSomeItems
FNDA:21,createNewItem
FNDA:4,deleteItem
FNDA:5,getItem
FNDA:7,getAllItems
FNDA:0,updateItem
DA:3,4
DA:6,4
DA:10,5
DA:11,5
DA:13,5
DA:14,5
DA:15,5
DA:16,5
DA:21,21
DA:22,21
DA:24,21
DA:26,21
DA:36,21
DA:38,21
DA:43,4
DA:48,5
DA:53,7
DA:58,0
DA:59,0
DA:62,0
DA:63,0
DA:66,4
LF:22
LH:18
BRDA:58,0,0,0
BRDA:58,0,1,0
BRF:2
BRH:0
end_of_record
TN:
SF:/Users/jonerikrotnebo/WebstormProjects/PG6301_705873/src/server/db/users.js
FN:4,getUser
FN:10,verifyUser
FN:21,createUser
FN:38,resetAllUsers
FNF:4
FNH:4
FNDA:19,getUser
FNDA:4,verifyUser
FNDA:9,createUser
FNDA:5,resetAllUsers
DA:2,4
DA:6,19
DA:12,4
DA:14,4
DA:15,1
DA:18,3
DA:23,9
DA:24,1
DA:27,8
DA:33,8
DA:34,8
DA:39,5
DA:46,4
LF:13
LH:13
BRDA:14,0,0,1
BRDA:14,0,1,3
BRDA:23,1,0,1
BRDA:23,1,1,8
BRF:4
BRH:4
end_of_record
TN:
SF:/Users/jonerikrotnebo/WebstormProjects/PG6301_705873/src/server/routes/auth-api.js
FN:7,(anonymous_0)
FN:12,(anonymous_1)
FN:21,(anonymous_2)
FN:22,(anonymous_3)
FN:33,(anonymous_4)
FN:40,(anonymous_5)
FNF:6
FNH:5
FNDA:1,(anonymous_0)
FNDA:3,(anonymous_1)
FNDA:2,(anonymous_2)
FNDA:2,(anonymous_3)
FNDA:1,(anonymous_4)
FNDA:0,(anonymous_5)
DA:1,4
DA:2,4
DA:3,4
DA:5,4
DA:7,4
DA:9,1
DA:12,4
DA:14,3
DA:16,3
DA:17,1
DA:18,1
DA:21,2
DA:22,2
DA:23,2
DA:25,0
DA:27,2
DA:33,4
DA:35,1
DA:36,1
DA:40,4
DA:42,0
DA:43,0
DA:44,0
DA:47,0
DA:58,4
LF:25
LH:20
BRDA:16,0,0,1
BRDA:16,0,1,2
BRDA:23,1,0,0
BRDA:23,1,1,2
BRDA:42,2,0,0
BRDA:42,2,1,0
BRF:6
BRH:3
end_of_record
